2022-09-24 03:07:23,801|INFO|org.systemexception.ecommuter.Application|Starting Application on zeus with PID 24856 (C:\Users\leona\Documents\Projects\e-commuter\target\classes started by leona in C:\Users\leona\Documents\Projects\e-commuter)
2022-09-24 03:07:23,801|DEBUG|org.systemexception.ecommuter.Application|Running with Spring Boot v2.1.3.RELEASE, Spring v5.1.5.RELEASE
2022-09-24 03:07:23,802|INFO|org.systemexception.ecommuter.Application|No active profile set, falling back to default profiles: default
2022-09-24 03:07:24,897|INFO|org.springframework.boot.web.embedded.tomcat.TomcatWebServer|Tomcat initialized with port(s): 8080 (http)
2022-09-24 03:07:24,923|INFO|org.apache.catalina.core.StandardService|Starting service [Tomcat]
2022-09-24 03:07:24,924|INFO|org.apache.catalina.core.StandardEngine|Starting Servlet engine: [Apache Tomcat/9.0.16]
2022-09-24 03:07:24,933|INFO|org.apache.catalina.core.AprLifecycleListener|The APR based Apache Tomcat Native library which allows optimal performance in production environments was not found on the java.library.path: [C:\Program Files\Eclipse Adoptium\jdk-17.0.4.101-hotspot\bin;C:\WINDOWS\Sun\Java\bin;C:\WINDOWS\system32;C:\WINDOWS;C:\Program Files\Eclipse Adoptium\jdk-17.0.4.101-hotspot\bin;C:\Windows\system32;C:\Windows;C:\Windows\System32\Wbem;C:\Windows\System32\WindowsPowerShell\v1.0\;C:\Program Files\NVIDIA Corporation\NVIDIA NvDLISR;C:\Program Files (x86)\NVIDIA Corporation\PhysX\Common;C:\WINDOWS\system32;C:\WINDOWS;C:\WINDOWS\System32\Wbem;C:\WINDOWS\System32\WindowsPowerShell\v1.0\;C:\WINDOWS\System32\OpenSSH\;C:\Program Files\Git\cmd;C:\Users\leona\AppData\Local\Microsoft\WindowsApps;C:\Users\leona\AppData\Local\Microsoft\WindowsApps;C:\Users\leona\AppData\Local\Programs\Microsoft VS Code\bin;D:\apache-maven-3.6.3\bin;;.]
2022-09-24 03:07:25,039|INFO|org.apache.catalina.core.ContainerBase.[Tomcat].[localhost].[/]|Initializing Spring embedded WebApplicationContext
2022-09-24 03:07:25,039|INFO|org.springframework.web.context.ContextLoader|Root WebApplicationContext: initialization completed in 1204 ms
2022-09-24 03:07:25,800|WARN|org.springframework.boot.web.servlet.context.AnnotationConfigServletWebServerApplicationContext|Exception encountered during context initialization - cancelling refresh attempt: org.springframework.beans.factory.UnsatisfiedDependencyException: Error creating bean with name 'restController' defined in file [C:\Users\leona\Documents\Projects\e-commuter\target\classes\org\systemexception\ecommuter\controller\RestController.class]: Unsatisfied dependency expressed through constructor parameter 0; nested exception is org.springframework.beans.factory.BeanCreationException: Error creating bean with name 'databaseApi' defined in org.systemexception.ecommuter.Application: Bean instantiation via factory method failed; nested exception is org.springframework.beans.BeanInstantiationException: Failed to instantiate [org.systemexception.ecommuter.services.DatabaseApi]: Factory method 'databaseApi' threw exception; nested exception is java.lang.NoClassDefFoundError: Could not initialize class org.neo4j.helpers.Exceptions
2022-09-24 03:07:25,802|INFO|org.apache.catalina.core.StandardService|Stopping service [Tomcat]
2022-09-24 03:07:25,813|INFO|org.springframework.boot.autoconfigure.logging.ConditionEvaluationReportLoggingListener|

Error starting ApplicationContext. To display the conditions report re-run your application with 'debug' enabled.
2022-09-24 03:07:25,816|ERROR|org.springframework.boot.SpringApplication|Application run failed
org.springframework.beans.factory.UnsatisfiedDependencyException: Error creating bean with name 'restController' defined in file [C:\Users\leona\Documents\Projects\e-commuter\target\classes\org\systemexception\ecommuter\controller\RestController.class]: Unsatisfied dependency expressed through constructor parameter 0; nested exception is org.springframework.beans.factory.BeanCreationException: Error creating bean with name 'databaseApi' defined in org.systemexception.ecommuter.Application: Bean instantiation via factory method failed; nested exception is org.springframework.beans.BeanInstantiationException: Failed to instantiate [org.systemexception.ecommuter.services.DatabaseApi]: Factory method 'databaseApi' threw exception; nested exception is java.lang.NoClassDefFoundError: Could not initialize class org.neo4j.helpers.Exceptions
	at org.springframework.beans.factory.support.ConstructorResolver.createArgumentArray(ConstructorResolver.java:769)
	at org.springframework.beans.factory.support.ConstructorResolver.autowireConstructor(ConstructorResolver.java:218)
	at org.springframework.beans.factory.support.AbstractAutowireCapableBeanFactory.autowireConstructor(AbstractAutowireCapableBeanFactory.java:1325)
	at org.springframework.beans.factory.support.AbstractAutowireCapableBeanFactory.createBeanInstance(AbstractAutowireCapableBeanFactory.java:1171)
	at org.springframework.beans.factory.support.AbstractAutowireCapableBeanFactory.doCreateBean(AbstractAutowireCapableBeanFactory.java:555)
	at org.springframework.beans.factory.support.AbstractAutowireCapableBeanFactory.createBean(AbstractAutowireCapableBeanFactory.java:515)
	at org.springframework.beans.factory.support.AbstractBeanFactory.lambda$doGetBean$0(AbstractBeanFactory.java:320)
	at org.springframework.beans.factory.support.DefaultSingletonBeanRegistry.getSingleton(DefaultSingletonBeanRegistry.java:222)
	at org.springframework.beans.factory.support.AbstractBeanFactory.doGetBean(AbstractBeanFactory.java:318)
	at org.springframework.beans.factory.support.AbstractBeanFactory.getBean(AbstractBeanFactory.java:199)
	at org.springframework.beans.factory.support.DefaultListableBeanFactory.preInstantiateSingletons(DefaultListableBeanFactory.java:849)
	at org.springframework.context.support.AbstractApplicationContext.finishBeanFactoryInitialization(AbstractApplicationContext.java:877)
	at org.springframework.context.support.AbstractApplicationContext.refresh(AbstractApplicationContext.java:549)
	at org.springframework.boot.web.servlet.context.ServletWebServerApplicationContext.refresh(ServletWebServerApplicationContext.java:142)
	at org.springframework.boot.SpringApplication.refresh(SpringApplication.java:775)
	at org.springframework.boot.SpringApplication.refreshContext(SpringApplication.java:397)
	at org.springframework.boot.SpringApplication.run(SpringApplication.java:316)
	at org.springframework.boot.SpringApplication.run(SpringApplication.java:1260)
	at org.springframework.boot.SpringApplication.run(SpringApplication.java:1248)
	at org.systemexception.ecommuter.Application.main(Application.java:36)
Caused by: org.springframework.beans.factory.BeanCreationException: Error creating bean with name 'databaseApi' defined in org.systemexception.ecommuter.Application: Bean instantiation via factory method failed; nested exception is org.springframework.beans.BeanInstantiationException: Failed to instantiate [org.systemexception.ecommuter.services.DatabaseApi]: Factory method 'databaseApi' threw exception; nested exception is java.lang.NoClassDefFoundError: Could not initialize class org.neo4j.helpers.Exceptions
	at org.springframework.beans.factory.support.ConstructorResolver.instantiate(ConstructorResolver.java:627)
	at org.springframework.beans.factory.support.ConstructorResolver.instantiateUsingFactoryMethod(ConstructorResolver.java:456)
	at org.springframework.beans.factory.support.AbstractAutowireCapableBeanFactory.instantiateUsingFactoryMethod(AbstractAutowireCapableBeanFactory.java:1305)
	at org.springframework.beans.factory.support.AbstractAutowireCapableBeanFactory.createBeanInstance(AbstractAutowireCapableBeanFactory.java:1144)
	at org.springframework.beans.factory.support.AbstractAutowireCapableBeanFactory.doCreateBean(AbstractAutowireCapableBeanFactory.java:555)
	at org.springframework.beans.factory.support.AbstractAutowireCapableBeanFactory.createBean(AbstractAutowireCapableBeanFactory.java:515)
	at org.springframework.beans.factory.support.AbstractBeanFactory.lambda$doGetBean$0(AbstractBeanFactory.java:320)
	at org.springframework.beans.factory.support.DefaultSingletonBeanRegistry.getSingleton(DefaultSingletonBeanRegistry.java:222)
	at org.springframework.beans.factory.support.AbstractBeanFactory.doGetBean(AbstractBeanFactory.java:318)
	at org.springframework.beans.factory.support.AbstractBeanFactory.getBean(AbstractBeanFactory.java:199)
	at org.springframework.beans.factory.config.DependencyDescriptor.resolveCandidate(DependencyDescriptor.java:277)
	at org.springframework.beans.factory.support.DefaultListableBeanFactory.doResolveDependency(DefaultListableBeanFactory.java:1247)
	at org.springframework.beans.factory.support.DefaultListableBeanFactory.resolveDependency(DefaultListableBeanFactory.java:1167)
	at org.springframework.beans.factory.support.ConstructorResolver.resolveAutowiredArgument(ConstructorResolver.java:857)
	at org.springframework.beans.factory.support.ConstructorResolver.createArgumentArray(ConstructorResolver.java:760)
	... 19 common frames omitted
Caused by: org.springframework.beans.BeanInstantiationException: Failed to instantiate [org.systemexception.ecommuter.services.DatabaseApi]: Factory method 'databaseApi' threw exception; nested exception is java.lang.NoClassDefFoundError: Could not initialize class org.neo4j.helpers.Exceptions
	at org.springframework.beans.factory.support.SimpleInstantiationStrategy.instantiate(SimpleInstantiationStrategy.java:185)
	at org.springframework.beans.factory.support.ConstructorResolver.instantiate(ConstructorResolver.java:622)
	... 33 common frames omitted
Caused by: java.lang.NoClassDefFoundError: Could not initialize class org.neo4j.helpers.Exceptions
	at org.neo4j.kernel.impl.factory.GraphDatabaseFacadeFactory.initFacade(GraphDatabaseFacadeFactory.java:232)
	at org.neo4j.kernel.impl.factory.GraphDatabaseFacadeFactory.newFacade(GraphDatabaseFacadeFactory.java:126)
	at org.neo4j.graphdb.factory.GraphDatabaseFactory.newDatabase(GraphDatabaseFactory.java:137)
	at org.neo4j.graphdb.factory.GraphDatabaseFactory.newEmbeddedDatabase(GraphDatabaseFactory.java:130)
	at org.neo4j.graphdb.factory.GraphDatabaseFactory$1.newDatabase(GraphDatabaseFactory.java:107)
	at org.neo4j.graphdb.factory.GraphDatabaseBuilder.newGraphDatabase(GraphDatabaseBuilder.java:193)
	at org.neo4j.graphdb.factory.GraphDatabaseFactory.newEmbeddedDatabase(GraphDatabaseFactory.java:75)
	at org.systemexception.ecommuter.services.DatabaseImpl.<init>(DatabaseImpl.java:45)
	at org.systemexception.ecommuter.Application.databaseApi(Application.java:46)
	at org.systemexception.ecommuter.Application$$EnhancerBySpringCGLIB$$12da40e0.CGLIB$databaseApi$1(<generated>)
	at org.systemexception.ecommuter.Application$$EnhancerBySpringCGLIB$$12da40e0$$FastClassBySpringCGLIB$$30a68f97.invoke(<generated>)
	at org.springframework.cglib.proxy.MethodProxy.invokeSuper(MethodProxy.java:244)
	at org.springframework.context.annotation.ConfigurationClassEnhancer$BeanMethodInterceptor.intercept(ConfigurationClassEnhancer.java:363)
	at org.systemexception.ecommuter.Application$$EnhancerBySpringCGLIB$$12da40e0.databaseApi(<generated>)
	at java.base/jdk.internal.reflect.NativeMethodAccessorImpl.invoke0(Native Method)
	at java.base/jdk.internal.reflect.NativeMethodAccessorImpl.invoke(NativeMethodAccessorImpl.java:77)
	at java.base/jdk.internal.reflect.DelegatingMethodAccessorImpl.invoke(DelegatingMethodAccessorImpl.java:43)
	at java.base/java.lang.reflect.Method.invoke(Method.java:568)
	at org.springframework.beans.factory.support.SimpleInstantiationStrategy.instantiate(SimpleInstantiationStrategy.java:154)
	... 34 common frames omitted
